# JRE version: Java(TM) SE Runtime Environment (8.0_05-b13) (build 1.8.0_05-b13)
# Java VM: Java HotSpot(TM) 64-Bit Server VM (25.5-b02 mixed mode windows-amd64 compressed oops)
Heap:
 PSYoungGen      total 10240K, used 9001K [0x00000000d5d80000, 0x00000000d6a80000, 0x0000000100000000)
  eden space 7168K, 94% used [0x00000000d5d80000,0x00000000d64148b8,0x00000000d6480000)
  from space 3072K, 73% used [0x00000000d6780000,0x00000000d69b5b58,0x00000000d6a80000)
  to   space 3072K, 0% used [0x00000000d6480000,0x00000000d6480000,0x00000000d6780000)
 ParOldGen       total 129536K, used 2464K [0x0000000081800000, 0x0000000089680000, 0x00000000d5d80000)
  object space 129536K, 1% used [0x0000000081800000,0x0000000081a68030,0x0000000089680000)
 Metaspace       used 14573K, capacity 14700K, committed 15104K, reserved 1062912K
  class space    used 1854K, capacity 1921K, committed 2048K, reserved 1048576K
GC Heap History (10 events):
Event: 0.649 GC heap before
{Heap before GC invocations=4 (full 0):
 PSYoungGen      total 1536K, used 1536K [0x00000000d5d80000, 0x00000000d6080000, 0x0000000100000000)
  eden space 1024K, 100% used [0x00000000d5d80000,0x00000000d5e80000,0x00000000d5e80000)
  from space 512K, 100% used [0x00000000d5e80000,0x00000000d5f00000,0x00000000d5f00000)
  to   space 512K, 0% used [0x00000000d6000000,0x00000000d6000000,0x00000000d6080000)
 ParOldGen       total 129536K, used 169K [0x0000000081800000, 0x0000000089680000, 0x00000000d5d80000)
  object space 129536K, 0% used [0x0000000081800000,0x000000008182a700,0x0000000089680000)
 Metaspace       used 4892K, capacity 5296K, committed 5504K, reserved 1056768K
  class space    used 512K, capacity 556K, committed 640K, reserved 1048576K
Event: 0.653 GC heap after
Heap after GC invocations=4 (full 0):
 PSYoungGen      total 2560K, used 512K [0x00000000d5d80000, 0x00000000d6080000, 0x0000000100000000)
  eden space 2048K, 0% used [0x00000000d5d80000,0x00000000d5d80000,0x00000000d5f80000)
  from space 512K, 100% used [0x00000000d6000000,0x00000000d6080000,0x00000000d6080000)
  to   space 512K, 0% used [0x00000000d5f80000,0x00000000d5f80000,0x00000000d6000000)
 ParOldGen       total 129536K, used 453K [0x0000000081800000, 0x0000000089680000, 0x00000000d5d80000)
  object space 129536K, 0% used [0x0000000081800000,0x0000000081871730,0x0000000089680000)
 Metaspace       used 4892K, capacity 5296K, committed 5504K, reserved 1056768K
  class space    used 512K, capacity 556K, committed 640K, reserved 1048576K
}
Event: 1.328 GC heap before
{Heap before GC invocations=5 (full 0):
 PSYoungGen      total 2560K, used 2560K [0x00000000d5d80000, 0x00000000d6080000, 0x0000000100000000)
  eden space 2048K, 100% used [0x00000000d5d80000,0x00000000d5f80000,0x00000000d5f80000)
  from space 512K, 100% used [0x00000000d6000000,0x00000000d6080000,0x00000000d6080000)
  to   space 512K, 0% used [0x00000000d5f80000,0x00000000d5f80000,0x00000000d6000000)
 ParOldGen       total 129536K, used 453K [0x0000000081800000, 0x0000000089680000, 0x00000000d5d80000)
  object space 129536K, 0% used [0x0000000081800000,0x0000000081871730,0x0000000089680000)
 Metaspace       used 8338K, capacity 8464K, committed 8704K, reserved 1056768K
  class space    used 890K, capacity 918K, committed 1024K, reserved 1048576K
Event: 1.331 GC heap after
Heap after GC invocations=5 (full 0):
 PSYoungGen      total 2560K, used 480K [0x00000000d5d80000, 0x00000000d6480000, 0x0000000100000000)
  eden space 2048K, 0% used [0x00000000d5d80000,0x00000000d5d80000,0x00000000d5f80000)
  from space 512K, 93% used [0x00000000d5f80000,0x00000000d5ff8020,0x00000000d6000000)
  to   space 1536K, 0% used [0x00000000d6300000,0x00000000d6300000,0x00000000d6480000)
 ParOldGen       total 129536K, used 1267K [0x0000000081800000, 0x0000000089680000, 0x00000000d5d80000)
  object space 129536K, 0% used [0x0000000081800000,0x000000008193cf50,0x0000000089680000)
 Metaspace       used 8338K, capacity 8464K, committed 8704K, reserved 1056768K
  class space    used 890K, capacity 918K, committed 1024K, reserved 1048576K
}
Event: 1.752 GC heap before
{Heap before GC invocations=6 (full 0):
 PSYoungGen      total 2560K, used 2528K [0x00000000d5d80000, 0x00000000d6480000, 0x0000000100000000)
  eden space 2048K, 100% used [0x00000000d5d80000,0x00000000d5f80000,0x00000000d5f80000)
  from space 512K, 93% used [0x00000000d5f80000,0x00000000d5ff8020,0x00000000d6000000)
  to   space 1536K, 0% used [0x00000000d6300000,0x00000000d6300000,0x00000000d6480000)
 ParOldGen       total 129536K, used 1267K [0x0000000081800000, 0x0000000089680000, 0x00000000d5d80000)
  object space 129536K, 0% used [0x0000000081800000,0x000000008193cf50,0x0000000089680000)
 Metaspace       used 12334K, capacity 12520K, committed 12672K, reserved 1060864K
  class space    used 1564K, capacity 1627K, committed 1664K, reserved 1048576K
Event: 1.758 GC heap after
Heap after GC invocations=6 (full 0):
 PSYoungGen      total 5120K, used 1504K [0x00000000d5d80000, 0x00000000d6580000, 0x0000000100000000)
  eden space 3584K, 0% used [0x00000000d5d80000,0x00000000d5d80000,0x00000000d6100000)
  from space 1536K, 97% used [0x00000000d6300000,0x00000000d6478020,0x00000000d6480000)
  to   space 2048K, 0% used [0x00000000d6100000,0x00000000d6100000,0x00000000d6300000)
 ParOldGen       total 129536K, used 1302K [0x0000000081800000, 0x0000000089680000, 0x00000000d5d80000)
  object space 129536K, 1% used [0x0000000081800000,0x00000000819458e0,0x0000000089680000)
 Metaspace       used 12334K, capacity 12520K, committed 12672K, reserved 1060864K
  class space    used 1564K, capacity 1627K, committed 1664K, reserved 1048576K
}
Event: 2.219 GC heap before
{Heap before GC invocations=7 (full 0):
 PSYoungGen      total 5120K, used 5087K [0x00000000d5d80000, 0x00000000d6580000, 0x0000000100000000)
  eden space 3584K, 99% used [0x00000000d5d80000,0x00000000d60ffd80,0x00000000d6100000)
  from space 1536K, 97% used [0x00000000d6300000,0x00000000d6478020,0x00000000d6480000)
  to   space 2048K, 0% used [0x00000000d6100000,0x00000000d6100000,0x00000000d6300000)
 ParOldGen       total 129536K, used 1302K [0x0000000081800000, 0x0000000089680000, 0x00000000d5d80000)
  object space 129536K, 1% used [0x0000000081800000,0x00000000819458e0,0x0000000089680000)
 Metaspace       used 13902K, capacity 14042K, committed 14208K, reserved 1060864K
  class space    used 1813K, capacity 1854K, committed 1920K, reserved 1048576K
Event: 2.225 GC heap after
Heap after GC invocations=7 (full 0):
 PSYoungGen      total 5632K, used 2038K [0x00000000d5d80000, 0x00000000d6a80000, 0x0000000100000000)
  eden space 3584K, 0% used [0x00000000d5d80000,0x00000000d5d80000,0x00000000d6100000)
  from space 2048K, 99% used [0x00000000d6100000,0x00000000d62fdb58,0x00000000d6300000)
  to   space 3072K, 0% used [0x00000000d6780000,0x00000000d6780000,0x00000000d6a80000)
 ParOldGen       total 129536K, used 2384K [0x0000000081800000, 0x0000000089680000, 0x00000000d5d80000)
  object space 129536K, 1% used [0x0000000081800000,0x0000000081a54030,0x0000000089680000)
 Metaspace       used 13902K, capacity 14042K, committed 14208K, reserved 1060864K
  class space    used 1813K, capacity 1854K, committed 1920K, reserved 1048576K
}
Event: 5.574 GC heap before
{Heap before GC invocations=8 (full 0):
 PSYoungGen      total 5632K, used 5622K [0x00000000d5d80000, 0x00000000d6a80000, 0x0000000100000000)
  eden space 3584K, 100% used [0x00000000d5d80000,0x00000000d6100000,0x00000000d6100000)
  from space 2048K, 99% used [0x00000000d6100000,0x00000000d62fdb58,0x00000000d6300000)
  to   space 3072K, 0% used [0x00000000d6780000,0x00000000d6780000,0x00000000d6a80000)
 ParOldGen       total 129536K, used 2384K [0x0000000081800000, 0x0000000089680000, 0x00000000d5d80000)
  object space 129536K, 1% used [0x0000000081800000,0x0000000081a54030,0x0000000089680000)
 Metaspace       used 14248K, capacity 14394K, committed 14464K, reserved 1062912K
  class space    used 1840K, capacity 1886K, committed 1920K, reserved 1048576K
Event: 5.578 GC heap after
Heap after GC invocations=8 (full 0):
 PSYoungGen      total 10240K, used 2262K [0x00000000d5d80000, 0x00000000d6a80000, 0x0000000100000000)
  eden space 7168K, 0% used [0x00000000d5d80000,0x00000000d5d80000,0x00000000d6480000)
  from space 3072K, 73% used [0x00000000d6780000,0x00000000d69b5b58,0x00000000d6a80000)
  to   space 3072K, 0% used [0x00000000d6480000,0x00000000d6480000,0x00000000d6780000)
 ParOldGen       total 129536K, used 2464K [0x0000000081800000, 0x0000000089680000, 0x00000000d5d80000)
  object space 129536K, 1% used [0x0000000081800000,0x0000000081a68030,0x0000000089680000)
 Metaspace       used 14248K, capacity 14394K, committed 14464K, reserved 1062912K
  class space    used 1840K, capacity 1886K, committed 1920K, reserved 1048576K
}

