# JRE version: Java(TM) SE Runtime Environment (8.0_05-b13) (build 1.8.0_05-b13)
# Java VM: Java HotSpot(TM) 64-Bit Server VM (25.5-b02 mixed mode windows-amd64 compressed oops)
Heap:
 PSYoungGen      total 10240K, used 8996K [0x00000000d5d80000, 0x00000000d6a80000, 0x0000000100000000)
  eden space 7168K, 93% used [0x00000000d5d80000,0x00000000d640b7a8,0x00000000d6480000)
  from space 3072K, 74% used [0x00000000d6780000,0x00000000d69bdb58,0x00000000d6a80000)
  to   space 3072K, 0% used [0x00000000d6480000,0x00000000d6480000,0x00000000d6780000)
 ParOldGen       total 129536K, used 4961K [0x0000000081800000, 0x0000000089680000, 0x00000000d5d80000)
  object space 129536K, 3% used [0x0000000081800000,0x0000000081cd8580,0x0000000089680000)
 Metaspace       used 14590K, capacity 14764K, committed 15104K, reserved 1062912K
  class space    used 1853K, capacity 1921K, committed 2048K, reserved 1048576K
GC Heap History (10 events):
Event: 0.211 GC heap before
{Heap before GC invocations=4 (full 0):
 PSYoungGen      total 1536K, used 1536K [0x00000000d5d80000, 0x00000000d6080000, 0x0000000100000000)
  eden space 1024K, 100% used [0x00000000d5d80000,0x00000000d5e80000,0x00000000d5e80000)
  from space 512K, 100% used [0x00000000d5e80000,0x00000000d5f00000,0x00000000d5f00000)
  to   space 512K, 0% used [0x00000000d6000000,0x00000000d6000000,0x00000000d6080000)
 ParOldGen       total 129536K, used 169K [0x0000000081800000, 0x0000000089680000, 0x00000000d5d80000)
  object space 129536K, 0% used [0x0000000081800000,0x000000008182a760,0x0000000089680000)
 Metaspace       used 4893K, capacity 5296K, committed 5504K, reserved 1056768K
  class space    used 512K, capacity 556K, committed 640K, reserved 1048576K
Event: 0.212 GC heap after
Heap after GC invocations=4 (full 0):
 PSYoungGen      total 2560K, used 496K [0x00000000d5d80000, 0x00000000d6080000, 0x0000000100000000)
  eden space 2048K, 0% used [0x00000000d5d80000,0x00000000d5d80000,0x00000000d5f80000)
  from space 512K, 96% used [0x00000000d6000000,0x00000000d607c010,0x00000000d6080000)
  to   space 512K, 0% used [0x00000000d5f80000,0x00000000d5f80000,0x00000000d6000000)
 ParOldGen       total 129536K, used 541K [0x0000000081800000, 0x0000000089680000, 0x00000000d5d80000)
  object space 129536K, 0% used [0x0000000081800000,0x0000000081887790,0x0000000089680000)
 Metaspace       used 4893K, capacity 5296K, committed 5504K, reserved 1056768K
  class space    used 512K, capacity 556K, committed 640K, reserved 1048576K
}
Event: 0.467 GC heap before
{Heap before GC invocations=5 (full 0):
 PSYoungGen      total 2560K, used 2544K [0x00000000d5d80000, 0x00000000d6080000, 0x0000000100000000)
  eden space 2048K, 100% used [0x00000000d5d80000,0x00000000d5f80000,0x00000000d5f80000)
  from space 512K, 96% used [0x00000000d6000000,0x00000000d607c010,0x00000000d6080000)
  to   space 512K, 0% used [0x00000000d5f80000,0x00000000d5f80000,0x00000000d6000000)
 ParOldGen       total 129536K, used 541K [0x0000000081800000, 0x0000000089680000, 0x00000000d5d80000)
  object space 129536K, 0% used [0x0000000081800000,0x0000000081887790,0x0000000089680000)
 Metaspace       used 8334K, capacity 8464K, committed 8704K, reserved 1056768K
  class space    used 890K, capacity 918K, committed 1024K, reserved 1048576K
Event: 0.469 GC heap after
Heap after GC invocations=5 (full 0):
 PSYoungGen      total 2560K, used 496K [0x00000000d5d80000, 0x00000000d6480000, 0x0000000100000000)
  eden space 2048K, 0% used [0x00000000d5d80000,0x00000000d5d80000,0x00000000d5f80000)
  from space 512K, 96% used [0x00000000d5f80000,0x00000000d5ffc010,0x00000000d6000000)
  to   space 1536K, 0% used [0x00000000d6300000,0x00000000d6300000,0x00000000d6480000)
 ParOldGen       total 129536K, used 1299K [0x0000000081800000, 0x0000000089680000, 0x00000000d5d80000)
  object space 129536K, 1% used [0x0000000081800000,0x0000000081944e90,0x0000000089680000)
 Metaspace       used 8334K, capacity 8464K, committed 8704K, reserved 1056768K
  class space    used 890K, capacity 918K, committed 1024K, reserved 1048576K
}
Event: 0.755 GC heap before
{Heap before GC invocations=6 (full 0):
 PSYoungGen      total 2560K, used 2544K [0x00000000d5d80000, 0x00000000d6480000, 0x0000000100000000)
  eden space 2048K, 100% used [0x00000000d5d80000,0x00000000d5f80000,0x00000000d5f80000)
  from space 512K, 96% used [0x00000000d5f80000,0x00000000d5ffc010,0x00000000d6000000)
  to   space 1536K, 0% used [0x00000000d6300000,0x00000000d6300000,0x00000000d6480000)
 ParOldGen       total 129536K, used 1299K [0x0000000081800000, 0x0000000089680000, 0x00000000d5d80000)
  object space 129536K, 1% used [0x0000000081800000,0x0000000081944e90,0x0000000089680000)
 Metaspace       used 12126K, capacity 12296K, committed 12416K, reserved 1060864K
  class space    used 1540K, capacity 1595K, committed 1664K, reserved 1048576K
Event: 0.759 GC heap after
Heap after GC invocations=6 (full 0):
 PSYoungGen      total 5120K, used 1456K [0x00000000d5d80000, 0x00000000d6580000, 0x0000000100000000)
  eden space 3584K, 0% used [0x00000000d5d80000,0x00000000d5d80000,0x00000000d6100000)
  from space 1536K, 94% used [0x00000000d6300000,0x00000000d646c010,0x00000000d6480000)
  to   space 2048K, 0% used [0x00000000d6100000,0x00000000d6100000,0x00000000d6300000)
 ParOldGen       total 129536K, used 1307K [0x0000000081800000, 0x0000000089680000, 0x00000000d5d80000)
  object space 129536K, 1% used [0x0000000081800000,0x0000000081946e90,0x0000000089680000)
 Metaspace       used 12126K, capacity 12296K, committed 12416K, reserved 1060864K
  class space    used 1540K, capacity 1595K, committed 1664K, reserved 1048576K
}
Event: 1.147 GC heap before
{Heap before GC invocations=7 (full 0):
 PSYoungGen      total 5120K, used 5040K [0x00000000d5d80000, 0x00000000d6580000, 0x0000000100000000)
  eden space 3584K, 100% used [0x00000000d5d80000,0x00000000d6100000,0x00000000d6100000)
  from space 1536K, 94% used [0x00000000d6300000,0x00000000d646c010,0x00000000d6480000)
  to   space 2048K, 0% used [0x00000000d6100000,0x00000000d6100000,0x00000000d6300000)
 ParOldGen       total 129536K, used 1307K [0x0000000081800000, 0x0000000089680000, 0x00000000d5d80000)
  object space 129536K, 1% used [0x0000000081800000,0x0000000081946e90,0x0000000089680000)
 Metaspace       used 13994K, capacity 14138K, committed 14208K, reserved 1060864K
  class space    used 1822K, capacity 1886K, committed 1920K, reserved 1048576K
Event: 1.150 GC heap after
Heap after GC invocations=7 (full 0):
 PSYoungGen      total 5632K, used 2038K [0x00000000d5d80000, 0x00000000d6a80000, 0x0000000100000000)
  eden space 3584K, 0% used [0x00000000d5d80000,0x00000000d5d80000,0x00000000d6100000)
  from space 2048K, 99% used [0x00000000d6100000,0x00000000d62fdb58,0x00000000d6300000)
  to   space 3072K, 0% used [0x00000000d6780000,0x00000000d6780000,0x00000000d6a80000)
 ParOldGen       total 129536K, used 2451K [0x0000000081800000, 0x0000000089680000, 0x00000000d5d80000)
  object space 129536K, 1% used [0x0000000081800000,0x0000000081a64ed0,0x0000000089680000)
 Metaspace       used 13994K, capacity 14138K, committed 14208K, reserved 1060864K
  class space    used 1822K, capacity 1886K, committed 1920K, reserved 1048576K
}
Event: 2.278 GC heap before
{Heap before GC invocations=8 (full 0):
 PSYoungGen      total 5632K, used 5622K [0x00000000d5d80000, 0x00000000d6a80000, 0x0000000100000000)
  eden space 3584K, 100% used [0x00000000d5d80000,0x00000000d6100000,0x00000000d6100000)
  from space 2048K, 99% used [0x00000000d6100000,0x00000000d62fdb58,0x00000000d6300000)
  to   space 3072K, 0% used [0x00000000d6780000,0x00000000d6780000,0x00000000d6a80000)
 ParOldGen       total 129536K, used 2451K [0x0000000081800000, 0x0000000089680000, 0x00000000d5d80000)
  object space 129536K, 1% used [0x0000000081800000,0x0000000081a64ed0,0x0000000089680000)
 Metaspace       used 14337K, capacity 14458K, committed 14720K, reserved 1062912K
  class space    used 1848K, capacity 1886K, committed 1920K, reserved 1048576K
Event: 2.281 GC heap after
Heap after GC invocations=8 (full 0):
 PSYoungGen      total 10240K, used 2294K [0x00000000d5d80000, 0x00000000d6a80000, 0x0000000100000000)
  eden space 7168K, 0% used [0x00000000d5d80000,0x00000000d5d80000,0x00000000d6480000)
  from space 3072K, 74% used [0x00000000d6780000,0x00000000d69bdb58,0x00000000d6a80000)
  to   space 3072K, 0% used [0x00000000d6480000,0x00000000d6480000,0x00000000d6780000)
 ParOldGen       total 129536K, used 4961K [0x0000000081800000, 0x0000000089680000, 0x00000000d5d80000)
  object space 129536K, 3% used [0x0000000081800000,0x0000000081cd8580,0x0000000089680000)
 Metaspace       used 14337K, capacity 14458K, committed 14720K, reserved 1062912K
  class space    used 1848K, capacity 1886K, committed 1920K, reserved 1048576K
}

