# JRE version: Java(TM) SE Runtime Environment (8.0_05-b13) (build 1.8.0_05-b13)
# Java VM: Java HotSpot(TM) 64-Bit Server VM (25.5-b02 mixed mode windows-amd64 compressed oops)
Heap:
 PSYoungGen      total 8704K, used 1642K [0x00000000d5d80000, 0x00000000d6880000, 0x0000000100000000)
  eden space 6144K, 19% used [0x00000000d5d80000,0x00000000d5eb2aa8,0x00000000d6380000)
  from space 2560K, 16% used [0x00000000d6600000,0x00000000d6668000,0x00000000d6880000)
  to   space 2560K, 0% used [0x00000000d6380000,0x00000000d6380000,0x00000000d6600000)
 ParOldGen       total 129536K, used 6683K [0x0000000081800000, 0x0000000089680000, 0x00000000d5d80000)
  object space 129536K, 5% used [0x0000000081800000,0x0000000081e86e78,0x0000000089680000)
 Metaspace       used 14589K, capacity 14764K, committed 15104K, reserved 1062912K
  class space    used 1853K, capacity 1921K, committed 2048K, reserved 1048576K
GC Heap History (10 events):
Event: 1.061 GC heap before
{Heap before GC invocations=8 (full 0):
 PSYoungGen      total 3072K, used 2784K [0x00000000d5d80000, 0x00000000d6380000, 0x0000000100000000)
  eden space 1536K, 100% used [0x00000000d5d80000,0x00000000d5f00000,0x00000000d5f00000)
  from space 1536K, 81% used [0x00000000d5f00000,0x00000000d6038000,0x00000000d6080000)
  to   space 1536K, 0% used [0x00000000d6200000,0x00000000d6200000,0x00000000d6380000)
 ParOldGen       total 129536K, used 1349K [0x0000000081800000, 0x0000000089680000, 0x00000000d5d80000)
  object space 129536K, 1% used [0x0000000081800000,0x00000000819514f8,0x0000000089680000)
 Metaspace       used 12790K, capacity 12936K, committed 13056K, reserved 1060864K
  class space    used 1659K, capacity 1723K, committed 1792K, reserved 1048576K
Event: 1.067 GC heap after
Heap after GC invocations=8 (full 0):
 PSYoungGen      total 4096K, used 1536K [0x00000000d5d80000, 0x00000000d6480000, 0x0000000100000000)
  eden space 2560K, 0% used [0x00000000d5d80000,0x00000000d5d80000,0x00000000d6000000)
  from space 1536K, 100% used [0x00000000d6200000,0x00000000d6380000,0x00000000d6380000)
  to   space 2048K, 0% used [0x00000000d6000000,0x00000000d6000000,0x00000000d6200000)
 ParOldGen       total 129536K, used 1605K [0x0000000081800000, 0x0000000089680000, 0x00000000d5d80000)
  object space 129536K, 1% used [0x0000000081800000,0x0000000081991598,0x0000000089680000)
 Metaspace       used 12790K, capacity 12936K, committed 13056K, reserved 1060864K
  class space    used 1659K, capacity 1723K, committed 1792K, reserved 1048576K
}
Event: 1.306 GC heap before
{Heap before GC invocations=9 (full 0):
 PSYoungGen      total 4096K, used 4088K [0x00000000d5d80000, 0x00000000d6480000, 0x0000000100000000)
  eden space 2560K, 99% used [0x00000000d5d80000,0x00000000d5ffe268,0x00000000d6000000)
  from space 1536K, 100% used [0x00000000d6200000,0x00000000d6380000,0x00000000d6380000)
  to   space 2048K, 0% used [0x00000000d6000000,0x00000000d6000000,0x00000000d6200000)
 ParOldGen       total 129536K, used 1605K [0x0000000081800000, 0x0000000089680000, 0x00000000d5d80000)
  object space 129536K, 1% used [0x0000000081800000,0x0000000081991598,0x0000000089680000)
 Metaspace       used 13961K, capacity 14106K, committed 14208K, reserved 1060864K
  class space    used 1813K, capacity 1854K, committed 1920K, reserved 1048576K
Event: 1.309 GC heap after
Heap after GC invocations=9 (full 0):
 PSYoungGen      total 4608K, used 2038K [0x00000000d5d80000, 0x00000000d6680000, 0x0000000100000000)
  eden space 2560K, 0% used [0x00000000d5d80000,0x00000000d5d80000,0x00000000d6000000)
  from space 2048K, 99% used [0x00000000d6000000,0x00000000d61fdb58,0x00000000d6200000)
  to   space 2560K, 0% used [0x00000000d6400000,0x00000000d6400000,0x00000000d6680000)
 ParOldGen       total 129536K, used 2722K [0x0000000081800000, 0x0000000089680000, 0x00000000d5d80000)
  object space 129536K, 2% used [0x0000000081800000,0x0000000081aa8b48,0x0000000089680000)
 Metaspace       used 13961K, capacity 14106K, committed 14208K, reserved 1060864K
  class space    used 1813K, capacity 1854K, committed 1920K, reserved 1048576K
}
Event: 1.459 GC heap before
{Heap before GC invocations=10 (full 0):
 PSYoungGen      total 4608K, used 4591K [0x00000000d5d80000, 0x00000000d6680000, 0x0000000100000000)
  eden space 2560K, 99% used [0x00000000d5d80000,0x00000000d5ffe120,0x00000000d6000000)
  from space 2048K, 99% used [0x00000000d6000000,0x00000000d61fdb58,0x00000000d6200000)
  to   space 2560K, 0% used [0x00000000d6400000,0x00000000d6400000,0x00000000d6680000)
 ParOldGen       total 129536K, used 2722K [0x0000000081800000, 0x0000000089680000, 0x00000000d5d80000)
  object space 129536K, 2% used [0x0000000081800000,0x0000000081aa8b48,0x0000000089680000)
 Metaspace       used 14213K, capacity 14330K, committed 14464K, reserved 1062912K
  class space    used 1843K, capacity 1886K, committed 1920K, reserved 1048576K
Event: 1.463 GC heap after
Heap after GC invocations=10 (full 0):
 PSYoungGen      total 6144K, used 1686K [0x00000000d5d80000, 0x00000000d6780000, 0x0000000100000000)
  eden space 3584K, 0% used [0x00000000d5d80000,0x00000000d5d80000,0x00000000d6100000)
  from space 2560K, 65% used [0x00000000d6400000,0x00000000d65a5b58,0x00000000d6680000)
  to   space 3072K, 0% used [0x00000000d6100000,0x00000000d6100000,0x00000000d6400000)
 ParOldGen       total 129536K, used 5781K [0x0000000081800000, 0x0000000089680000, 0x00000000d5d80000)
  object space 129536K, 4% used [0x0000000081800000,0x0000000081da5418,0x0000000089680000)
 Metaspace       used 14213K, capacity 14330K, committed 14464K, reserved 1062912K
  class space    used 1843K, capacity 1886K, committed 1920K, reserved 1048576K
}
Event: 2.700 GC heap before
{Heap before GC invocations=11 (full 0):
 PSYoungGen      total 6144K, used 5270K [0x00000000d5d80000, 0x00000000d6780000, 0x0000000100000000)
  eden space 3584K, 100% used [0x00000000d5d80000,0x00000000d6100000,0x00000000d6100000)
  from space 2560K, 65% used [0x00000000d6400000,0x00000000d65a5b58,0x00000000d6680000)
  to   space 3072K, 0% used [0x00000000d6100000,0x00000000d6100000,0x00000000d6400000)
 ParOldGen       total 129536K, used 5781K [0x0000000081800000, 0x0000000089680000, 0x00000000d5d80000)
  object space 129536K, 4% used [0x0000000081800000,0x0000000081da5418,0x0000000089680000)
 Metaspace       used 14413K, capacity 14540K, committed 14720K, reserved 1062912K
  class space    used 1850K, capacity 1889K, committed 1920K, reserved 1048576K
Event: 2.704 GC heap after
Heap after GC invocations=11 (full 0):
 PSYoungGen      total 6656K, used 832K [0x00000000d5d80000, 0x00000000d6880000, 0x0000000100000000)
  eden space 3584K, 0% used [0x00000000d5d80000,0x00000000d5d80000,0x00000000d6100000)
  from space 3072K, 27% used [0x00000000d6100000,0x00000000d61d0000,0x00000000d6400000)
  to   space 2560K, 0% used [0x00000000d6600000,0x00000000d6600000,0x00000000d6880000)
 ParOldGen       total 129536K, used 6096K [0x0000000081800000, 0x0000000089680000, 0x00000000d5d80000)
  object space 129536K, 4% used [0x0000000081800000,0x0000000081df4218,0x0000000089680000)
 Metaspace       used 14413K, capacity 14540K, committed 14720K, reserved 1062912K
  class space    used 1850K, capacity 1889K, committed 1920K, reserved 1048576K
}
Event: 2.987 GC heap before
{Heap before GC invocations=12 (full 0):
 PSYoungGen      total 6656K, used 4416K [0x00000000d5d80000, 0x00000000d6880000, 0x0000000100000000)
  eden space 3584K, 100% used [0x00000000d5d80000,0x00000000d6100000,0x00000000d6100000)
  from space 3072K, 27% used [0x00000000d6100000,0x00000000d61d0000,0x00000000d6400000)
  to   space 2560K, 0% used [0x00000000d6600000,0x00000000d6600000,0x00000000d6880000)
 ParOldGen       total 129536K, used 6096K [0x0000000081800000, 0x0000000089680000, 0x00000000d5d80000)
  object space 129536K, 4% used [0x0000000081800000,0x0000000081df4218,0x0000000089680000)
 Metaspace       used 14544K, capacity 14700K, committed 15104K, reserved 1062912K
  class space    used 1853K, capacity 1921K, committed 2048K, reserved 1048576K
Event: 2.990 GC heap after
Heap after GC invocations=12 (full 0):
 PSYoungGen      total 8704K, used 416K [0x00000000d5d80000, 0x00000000d6880000, 0x0000000100000000)
  eden space 6144K, 0% used [0x00000000d5d80000,0x00000000d5d80000,0x00000000d6380000)
  from space 2560K, 16% used [0x00000000d6600000,0x00000000d6668000,0x00000000d6880000)
  to   space 2560K, 0% used [0x00000000d6380000,0x00000000d6380000,0x00000000d6600000)
 ParOldGen       total 129536K, used 6683K [0x0000000081800000, 0x0000000089680000, 0x00000000d5d80000)
  object space 129536K, 5% used [0x0000000081800000,0x0000000081e86e78,0x0000000089680000)
 Metaspace       used 14544K, capacity 14700K, committed 15104K, reserved 1062912K
  class space    used 1853K, capacity 1921K, committed 2048K, reserved 1048576K
}

