# JRE version: Java(TM) SE Runtime Environment (8.0_05-b13) (build 1.8.0_05-b13)
# Java VM: Java HotSpot(TM) 64-Bit Server VM (25.5-b02 mixed mode windows-amd64 compressed oops)
Heap:
 PSYoungGen      total 11264K, used 8018K [0x00000000d5d80000, 0x00000000d7280000, 0x0000000100000000)
  eden space 5632K, 83% used [0x00000000d5d80000,0x00000000d6216d68,0x00000000d6300000)
  from space 5632K, 58% used [0x00000000d6300000,0x00000000d663db58,0x00000000d6880000)
  to   space 6144K, 0% used [0x00000000d6c80000,0x00000000d6c80000,0x00000000d7280000)
 ParOldGen       total 129536K, used 7369K [0x0000000081800000, 0x0000000089680000, 0x00000000d5d80000)
  object space 129536K, 5% used [0x0000000081800000,0x0000000081f326c8,0x0000000089680000)
 Metaspace       used 14646K, capacity 14764K, committed 15104K, reserved 1062912K
  class space    used 1854K, capacity 1921K, committed 2048K, reserved 1048576K
GC Heap History (10 events):
Event: 0.616 GC heap before
{Heap before GC invocations=5 (full 0):
 PSYoungGen      total 2560K, used 2544K [0x00000000d5d80000, 0x00000000d6080000, 0x0000000100000000)
  eden space 2048K, 100% used [0x00000000d5d80000,0x00000000d5f80000,0x00000000d5f80000)
  from space 512K, 96% used [0x00000000d6000000,0x00000000d607c010,0x00000000d6080000)
  to   space 512K, 0% used [0x00000000d5f80000,0x00000000d5f80000,0x00000000d6000000)
 ParOldGen       total 129536K, used 565K [0x0000000081800000, 0x0000000089680000, 0x00000000d5d80000)
  object space 129536K, 0% used [0x0000000081800000,0x000000008188d730,0x0000000089680000)
 Metaspace       used 8337K, capacity 8464K, committed 8704K, reserved 1056768K
  class space    used 890K, capacity 918K, committed 1024K, reserved 1048576K
Event: 0.618 GC heap after
Heap after GC invocations=5 (full 0):
 PSYoungGen      total 2560K, used 512K [0x00000000d5d80000, 0x00000000d6480000, 0x0000000100000000)
  eden space 2048K, 0% used [0x00000000d5d80000,0x00000000d5d80000,0x00000000d5f80000)
  from space 512K, 100% used [0x00000000d5f80000,0x00000000d6000000,0x00000000d6000000)
  to   space 1536K, 0% used [0x00000000d6300000,0x00000000d6300000,0x00000000d6480000)
 ParOldGen       total 129536K, used 1287K [0x0000000081800000, 0x0000000089680000, 0x00000000d5d80000)
  object space 129536K, 0% used [0x0000000081800000,0x0000000081941f70,0x0000000089680000)
 Metaspace       used 8337K, capacity 8464K, committed 8704K, reserved 1056768K
  class space    used 890K, capacity 918K, committed 1024K, reserved 1048576K
}
Event: 0.872 GC heap before
{Heap before GC invocations=6 (full 0):
 PSYoungGen      total 2560K, used 2560K [0x00000000d5d80000, 0x00000000d6480000, 0x0000000100000000)
  eden space 2048K, 100% used [0x00000000d5d80000,0x00000000d5f80000,0x00000000d5f80000)
  from space 512K, 100% used [0x00000000d5f80000,0x00000000d6000000,0x00000000d6000000)
  to   space 1536K, 0% used [0x00000000d6300000,0x00000000d6300000,0x00000000d6480000)
 ParOldGen       total 129536K, used 1287K [0x0000000081800000, 0x0000000089680000, 0x00000000d5d80000)
  object space 129536K, 0% used [0x0000000081800000,0x0000000081941f70,0x0000000089680000)
 Metaspace       used 12335K, capacity 12520K, committed 12672K, reserved 1060864K
  class space    used 1564K, capacity 1627K, committed 1664K, reserved 1048576K
Event: 0.877 GC heap after
Heap after GC invocations=6 (full 0):
 PSYoungGen      total 5120K, used 1536K [0x00000000d5d80000, 0x00000000d6580000, 0x0000000100000000)
  eden space 3584K, 0% used [0x00000000d5d80000,0x00000000d5d80000,0x00000000d6100000)
  from space 1536K, 100% used [0x00000000d6300000,0x00000000d6480000,0x00000000d6480000)
  to   space 2048K, 0% used [0x00000000d6100000,0x00000000d6100000,0x00000000d6300000)
 ParOldGen       total 129536K, used 1295K [0x0000000081800000, 0x0000000089680000, 0x00000000d5d80000)
  object space 129536K, 1% used [0x0000000081800000,0x0000000081943f70,0x0000000089680000)
 Metaspace       used 12335K, capacity 12520K, committed 12672K, reserved 1060864K
  class space    used 1564K, capacity 1627K, committed 1664K, reserved 1048576K
}
Event: 1.111 GC heap before
{Heap before GC invocations=7 (full 0):
 PSYoungGen      total 5120K, used 5120K [0x00000000d5d80000, 0x00000000d6580000, 0x0000000100000000)
  eden space 3584K, 100% used [0x00000000d5d80000,0x00000000d6100000,0x00000000d6100000)
  from space 1536K, 100% used [0x00000000d6300000,0x00000000d6480000,0x00000000d6480000)
  to   space 2048K, 0% used [0x00000000d6100000,0x00000000d6100000,0x00000000d6300000)
 ParOldGen       total 129536K, used 1295K [0x0000000081800000, 0x0000000089680000, 0x00000000d5d80000)
  object space 129536K, 1% used [0x0000000081800000,0x0000000081943f70,0x0000000089680000)
 Metaspace       used 13907K, capacity 14042K, committed 14208K, reserved 1060864K
  class space    used 1813K, capacity 1854K, committed 1920K, reserved 1048576K
Event: 1.117 GC heap after
Heap after GC invocations=7 (full 0):
 PSYoungGen      total 5632K, used 2038K [0x00000000d5d80000, 0x00000000d6c80000, 0x0000000100000000)
  eden space 3584K, 0% used [0x00000000d5d80000,0x00000000d5d80000,0x00000000d6100000)
  from space 2048K, 99% used [0x00000000d6100000,0x00000000d62fdb58,0x00000000d6300000)
  to   space 4096K, 0% used [0x00000000d6880000,0x00000000d6880000,0x00000000d6c80000)
 ParOldGen       total 129536K, used 5073K [0x0000000081800000, 0x0000000089680000, 0x00000000d5d80000)
  object space 129536K, 3% used [0x0000000081800000,0x0000000081cf4730,0x0000000089680000)
 Metaspace       used 13907K, capacity 14042K, committed 14208K, reserved 1060864K
  class space    used 1813K, capacity 1854K, committed 1920K, reserved 1048576K
}
Event: 2.501 GC heap before
{Heap before GC invocations=8 (full 0):
 PSYoungGen      total 5632K, used 5622K [0x00000000d5d80000, 0x00000000d6c80000, 0x0000000100000000)
  eden space 3584K, 100% used [0x00000000d5d80000,0x00000000d6100000,0x00000000d6100000)
  from space 2048K, 99% used [0x00000000d6100000,0x00000000d62fdb58,0x00000000d6300000)
  to   space 4096K, 0% used [0x00000000d6880000,0x00000000d6880000,0x00000000d6c80000)
 ParOldGen       total 129536K, used 5073K [0x0000000081800000, 0x0000000089680000, 0x00000000d5d80000)
  object space 129536K, 3% used [0x0000000081800000,0x0000000081cf4730,0x0000000089680000)
 Metaspace       used 14253K, capacity 14394K, committed 14464K, reserved 1062912K
  class space    used 1840K, capacity 1886K, committed 1920K, reserved 1048576K
Event: 2.513 GC heap after
Heap after GC invocations=8 (full 0):
 PSYoungGen      total 9728K, used 4077K [0x00000000d5d80000, 0x00000000d6f80000, 0x0000000100000000)
  eden space 5632K, 0% used [0x00000000d5d80000,0x00000000d5d80000,0x00000000d6300000)
  from space 4096K, 99% used [0x00000000d6880000,0x00000000d6c7b6b0,0x00000000d6c80000)
  to   space 5632K, 0% used [0x00000000d6300000,0x00000000d6300000,0x00000000d6880000)
 ParOldGen       total 129536K, used 6814K [0x0000000081800000, 0x0000000089680000, 0x00000000d5d80000)
  object space 129536K, 5% used [0x0000000081800000,0x0000000081ea7828,0x0000000089680000)
 Metaspace       used 14253K, capacity 14394K, committed 14464K, reserved 1062912K
  class space    used 1840K, capacity 1886K, committed 1920K, reserved 1048576K
}
Event: 2.771 GC heap before
{Heap before GC invocations=9 (full 0):
 PSYoungGen      total 9728K, used 9709K [0x00000000d5d80000, 0x00000000d6f80000, 0x0000000100000000)
  eden space 5632K, 99% used [0x00000000d5d80000,0x00000000d62ffef8,0x00000000d6300000)
  from space 4096K, 99% used [0x00000000d6880000,0x00000000d6c7b6b0,0x00000000d6c80000)
  to   space 5632K, 0% used [0x00000000d6300000,0x00000000d6300000,0x00000000d6880000)
 ParOldGen       total 129536K, used 6814K [0x0000000081800000, 0x0000000089680000, 0x00000000d5d80000)
  object space 129536K, 5% used [0x0000000081800000,0x0000000081ea7828,0x0000000089680000)
 Metaspace       used 14530K, capacity 14700K, committed 15104K, reserved 1062912K
  class space    used 1854K, capacity 1921K, committed 2048K, reserved 1048576K
Event: 2.776 GC heap after
Heap after GC invocations=9 (full 0):
 PSYoungGen      total 11264K, used 3318K [0x00000000d5d80000, 0x00000000d7280000, 0x0000000100000000)
  eden space 5632K, 0% used [0x00000000d5d80000,0x00000000d5d80000,0x00000000d6300000)
  from space 5632K, 58% used [0x00000000d6300000,0x00000000d663db58,0x00000000d6880000)
  to   space 6144K, 0% used [0x00000000d6c80000,0x00000000d6c80000,0x00000000d7280000)
 ParOldGen       total 129536K, used 7369K [0x0000000081800000, 0x0000000089680000, 0x00000000d5d80000)
  object space 129536K, 5% used [0x0000000081800000,0x0000000081f326c8,0x0000000089680000)
 Metaspace       used 14530K, capacity 14700K, committed 15104K, reserved 1062912K
  class space    used 1854K, capacity 1921K, committed 2048K, reserved 1048576K
}

