# JRE version: Java(TM) SE Runtime Environment (8.0_05-b13) (build 1.8.0_05-b13)
# Java VM: Java HotSpot(TM) 64-Bit Server VM (25.5-b02 mixed mode windows-amd64 compressed oops)
Heap:
 PSYoungGen      total 8192K, used 7358K [0x00000000d5d80000, 0x00000000d6980000, 0x0000000100000000)
  eden space 5632K, 93% used [0x00000000d5d80000,0x00000000d62a9eb8,0x00000000d6300000)
  from space 2560K, 80% used [0x00000000d6600000,0x00000000d6805b58,0x00000000d6880000)
  to   space 3072K, 0% used [0x00000000d6300000,0x00000000d6300000,0x00000000d6600000)
 ParOldGen       total 129536K, used 3502K [0x0000000081800000, 0x0000000089680000, 0x00000000d5d80000)
  object space 129536K, 2% used [0x0000000081800000,0x0000000081b6bb28,0x0000000089680000)
 Metaspace       used 14544K, capacity 14700K, committed 15104K, reserved 1062912K
  class space    used 1853K, capacity 1921K, committed 2048K, reserved 1048576K
GC Heap History (10 events):
Event: 0.871 GC heap before
{Heap before GC invocations=6 (full 0):
 PSYoungGen      total 1536K, used 1520K [0x00000000d5d80000, 0x00000000d6180000, 0x0000000100000000)
  eden space 1024K, 100% used [0x00000000d5d80000,0x00000000d5e80000,0x00000000d5e80000)
  from space 512K, 96% used [0x00000000d5e80000,0x00000000d5efc010,0x00000000d5f00000)
  to   space 1024K, 0% used [0x00000000d6080000,0x00000000d6080000,0x00000000d6180000)
 ParOldGen       total 129536K, used 1065K [0x0000000081800000, 0x0000000089680000, 0x00000000d5d80000)
  object space 129536K, 0% used [0x0000000081800000,0x000000008190a4c8,0x0000000089680000)
 Metaspace       used 6822K, capacity 6942K, committed 7296K, reserved 1056768K
  class space    used 724K, capacity 769K, committed 896K, reserved 1048576K
Event: 0.876 GC heap after
Heap after GC invocations=6 (full 0):
 PSYoungGen      total 3072K, used 850K [0x00000000d5d80000, 0x00000000d6180000, 0x0000000100000000)
  eden space 2048K, 0% used [0x00000000d5d80000,0x00000000d5d80000,0x00000000d5f80000)
  from space 1024K, 83% used [0x00000000d6080000,0x00000000d6154ba0,0x00000000d6180000)
  to   space 1024K, 0% used [0x00000000d5f80000,0x00000000d5f80000,0x00000000d6080000)
 ParOldGen       total 129536K, used 1073K [0x0000000081800000, 0x0000000089680000, 0x00000000d5d80000)
  object space 129536K, 0% used [0x0000000081800000,0x000000008190c4c8,0x0000000089680000)
 Metaspace       used 6822K, capacity 6942K, committed 7296K, reserved 1056768K
  class space    used 724K, capacity 769K, committed 896K, reserved 1048576K
}
Event: 1.235 GC heap before
{Heap before GC invocations=7 (full 0):
 PSYoungGen      total 3072K, used 2898K [0x00000000d5d80000, 0x00000000d6180000, 0x0000000100000000)
  eden space 2048K, 100% used [0x00000000d5d80000,0x00000000d5f80000,0x00000000d5f80000)
  from space 1024K, 83% used [0x00000000d6080000,0x00000000d6154ba0,0x00000000d6180000)
  to   space 1024K, 0% used [0x00000000d5f80000,0x00000000d5f80000,0x00000000d6080000)
 ParOldGen       total 129536K, used 1073K [0x0000000081800000, 0x0000000089680000, 0x00000000d5d80000)
  object space 129536K, 0% used [0x0000000081800000,0x000000008190c4c8,0x0000000089680000)
 Metaspace       used 10863K, capacity 11030K, committed 11136K, reserved 1058816K
  class space    used 1317K, capacity 1368K, committed 1408K, reserved 1048576K
Event: 1.241 GC heap after
Heap after GC invocations=7 (full 0):
 PSYoungGen      total 3072K, used 1024K [0x00000000d5d80000, 0x00000000d6480000, 0x0000000100000000)
  eden space 2048K, 0% used [0x00000000d5d80000,0x00000000d5d80000,0x00000000d5f80000)
  from space 1024K, 100% used [0x00000000d5f80000,0x00000000d6080000,0x00000000d6080000)
  to   space 1536K, 0% used [0x00000000d6300000,0x00000000d6300000,0x00000000d6480000)
 ParOldGen       total 129536K, used 1681K [0x0000000081800000, 0x0000000089680000, 0x00000000d5d80000)
  object space 129536K, 1% used [0x0000000081800000,0x00000000819a4518,0x0000000089680000)
 Metaspace       used 10863K, capacity 11030K, committed 11136K, reserved 1058816K
  class space    used 1317K, capacity 1368K, committed 1408K, reserved 1048576K
}
Event: 1.576 GC heap before
{Heap before GC invocations=8 (full 0):
 PSYoungGen      total 3072K, used 3072K [0x00000000d5d80000, 0x00000000d6480000, 0x0000000100000000)
  eden space 2048K, 100% used [0x00000000d5d80000,0x00000000d5f80000,0x00000000d5f80000)
  from space 1024K, 100% used [0x00000000d5f80000,0x00000000d6080000,0x00000000d6080000)
  to   space 1536K, 0% used [0x00000000d6300000,0x00000000d6300000,0x00000000d6480000)
 ParOldGen       total 129536K, used 1681K [0x0000000081800000, 0x0000000089680000, 0x00000000d5d80000)
  object space 129536K, 1% used [0x0000000081800000,0x00000000819a4518,0x0000000089680000)
 Metaspace       used 13123K, capacity 13224K, committed 13312K, reserved 1060864K
  class space    used 1704K, capacity 1755K, committed 1792K, reserved 1048576K
Event: 1.581 GC heap after
Heap after GC invocations=8 (full 0):
 PSYoungGen      total 5120K, used 1536K [0x00000000d5d80000, 0x00000000d6580000, 0x0000000100000000)
  eden space 3584K, 0% used [0x00000000d5d80000,0x00000000d5d80000,0x00000000d6100000)
  from space 1536K, 100% used [0x00000000d6300000,0x00000000d6480000,0x00000000d6480000)
  to   space 2048K, 0% used [0x00000000d6100000,0x00000000d6100000,0x00000000d6300000)
 ParOldGen       total 129536K, used 1843K [0x0000000081800000, 0x0000000089680000, 0x00000000d5d80000)
  object space 129536K, 1% used [0x0000000081800000,0x00000000819ccc08,0x0000000089680000)
 Metaspace       used 13123K, capacity 13224K, committed 13312K, reserved 1060864K
  class space    used 1704K, capacity 1755K, committed 1792K, reserved 1048576K
}
Event: 1.869 GC heap before
{Heap before GC invocations=9 (full 0):
 PSYoungGen      total 5120K, used 5111K [0x00000000d5d80000, 0x00000000d6580000, 0x0000000100000000)
  eden space 3584K, 99% used [0x00000000d5d80000,0x00000000d60fdd38,0x00000000d6100000)
  from space 1536K, 100% used [0x00000000d6300000,0x00000000d6480000,0x00000000d6480000)
  to   space 2048K, 0% used [0x00000000d6100000,0x00000000d6100000,0x00000000d6300000)
 ParOldGen       total 129536K, used 1843K [0x0000000081800000, 0x0000000089680000, 0x00000000d5d80000)
  object space 129536K, 1% used [0x0000000081800000,0x00000000819ccc08,0x0000000089680000)
 Metaspace       used 14196K, capacity 14330K, committed 14464K, reserved 1062912K
  class space    used 1843K, capacity 1886K, committed 1920K, reserved 1048576K
Event: 1.872 GC heap after
Heap after GC invocations=9 (full 0):
 PSYoungGen      total 5632K, used 2038K [0x00000000d5d80000, 0x00000000d6880000, 0x0000000100000000)
  eden space 3584K, 0% used [0x00000000d5d80000,0x00000000d5d80000,0x00000000d6100000)
  from space 2048K, 99% used [0x00000000d6100000,0x00000000d62fdb58,0x00000000d6300000)
  to   space 2560K, 0% used [0x00000000d6600000,0x00000000d6600000,0x00000000d6880000)
 ParOldGen       total 129536K, used 2746K [0x0000000081800000, 0x0000000089680000, 0x00000000d5d80000)
  object space 129536K, 2% used [0x0000000081800000,0x0000000081aae908,0x0000000089680000)
 Metaspace       used 14196K, capacity 14330K, committed 14464K, reserved 1062912K
  class space    used 1843K, capacity 1886K, committed 1920K, reserved 1048576K
}
Event: 2.973 GC heap before
{Heap before GC invocations=10 (full 0):
 PSYoungGen      total 5632K, used 5622K [0x00000000d5d80000, 0x00000000d6880000, 0x0000000100000000)
  eden space 3584K, 100% used [0x00000000d5d80000,0x00000000d6100000,0x00000000d6100000)
  from space 2048K, 99% used [0x00000000d6100000,0x00000000d62fdb58,0x00000000d6300000)
  to   space 2560K, 0% used [0x00000000d6600000,0x00000000d6600000,0x00000000d6880000)
 ParOldGen       total 129536K, used 2746K [0x0000000081800000, 0x0000000089680000, 0x00000000d5d80000)
  object space 129536K, 2% used [0x0000000081800000,0x0000000081aae908,0x0000000089680000)
 Metaspace       used 14383K, capacity 14476K, committed 14720K, reserved 1062912K
  class space    used 1850K, capacity 1889K, committed 1920K, reserved 1048576K
Event: 2.978 GC heap after
Heap after GC invocations=10 (full 0):
 PSYoungGen      total 8192K, used 2070K [0x00000000d5d80000, 0x00000000d6980000, 0x0000000100000000)
  eden space 5632K, 0% used [0x00000000d5d80000,0x00000000d5d80000,0x00000000d6300000)
  from space 2560K, 80% used [0x00000000d6600000,0x00000000d6805b58,0x00000000d6880000)
  to   space 3072K, 0% used [0x00000000d6300000,0x00000000d6300000,0x00000000d6600000)
 ParOldGen       total 129536K, used 3502K [0x0000000081800000, 0x0000000089680000, 0x00000000d5d80000)
  object space 129536K, 2% used [0x0000000081800000,0x0000000081b6bb28,0x0000000089680000)
 Metaspace       used 14383K, capacity 14476K, committed 14720K, reserved 1062912K
  class space    used 1850K, capacity 1889K, committed 1920K, reserved 1048576K
}

